<?xml version="1.0" encoding="UTF-8"?>
<!-- Generated by org.testng.reporters.JUnitReportReporter -->
<testsuite hostname="Sagaya-HP" failures="0" tests="3" name="testLayer.LoginTest" time="21.650" errors="0" timestamp="2022-07-27T10:22:25 EDT" skipped="0">
  <testcase classname="testLayer.LoginTest" name="Login" time="7.642"/>
  <system-out/>
  <testcase classname="testLayer.LoginTest" name="Login" time="6.797"/>
  <system-out/>
  <testcase classname="testLayer.LoginTest" name="Login" time="7.211"/>
  <system-out/>
</testsuite> <!-- testLayer.LoginTest -->
